[30m[18:54:48]   INFO   [?] - delimiter start with // !
[m[30m[18:54:48]   INFO   [?] - delimiter start with // !
[m[30m[18:54:48]   INFO   [?] - delimiter start with // !
[m[30m[18:54:48]   INFO   [?] - delimiter start with // !
[m[31;5m[18:54:48]   FATAL  [?] - negative numbers!
[m[33m[18:54:48]   WARN   [?] - number over 1000
[m[33m[18:54:48]   WARN   [?] - number over 1000
[m[31;5m[18:54:48]   FATAL  [?] - negative numbers!
[m[31;5m[18:54:48]   FATAL  [?] - negative numbers!
[m[31;5m[18:54:48]   FATAL  [?] - negative numbers!
[m[31;5m[19:10:55]   FATAL  [?] - negative numbers!
[m[31;5m[19:10:56]   FATAL  [?] - negative numbers!
[m[31;5m[19:10:56]   FATAL  [?] - negative numbers!
[m[31;5m[19:10:56]   FATAL  [?] - negative numbers!
[m[30m[19:11:20]   INFO   [?] - delimiter start with // !
[m[30m[19:11:20]   INFO   [?] - delimiter start with // !
[m[30m[19:11:20]   INFO   [?] - delimiter start with // !
[m[30m[19:11:20]   INFO   [?] - delimiter start with // !
[m[31;5m[19:11:20]   FATAL  [?] - negative numbers!
[m[33m[19:11:20]   WARN   [?] - number over 1000
[m[33m[19:11:20]   WARN   [?] - number over 1000
[m[31;5m[19:11:20]   FATAL  [?] - negative numbers!
[m[31;5m[19:11:20]   FATAL  [?] - negative numbers!
[m[31;5m[19:11:20]   FATAL  [?] - negative numbers!
[m[30m[19:22:26]   INFO   [?] - delimiter start with // !
[m[30m[19:22:26]   INFO   [?] - delimiter start with // !
[m[30m[19:22:26]   INFO   [?] - delimiter start with // !
[m[30m[19:22:26]   INFO   [?] - delimiter start with // !
[m[31;5m[19:22:26]   FATAL  [?] - negative numbers!
[m[33m[19:22:27]   WARN   [?] - number over 1000
[m[33m[19:22:27]   WARN   [?] - number over 1000
[m[31;5m[19:22:27]   FATAL  [?] - negative numbers!
[m[31;5m[19:22:27]   FATAL  [?] - negative numbers!
[m[31;5m[19:22:27]   FATAL  [?] - negative numbers!
[m